SourceCode/Android/apk-v1.3/Production/app/build/intermediates/manifest_merge_blame_file/release/manifest-merger-blame-release-report.txt
1<?xml version="1.0" encoding="utf-8"?>
2<manifest xmlns:android="http://schemas.android.com/apk/res/android"
3    package="com.fleetanalytics.pinpointmobile"
4    android:versionCode="3"
5    android:versionName="1.2" >
6
7    <uses-sdk
8        android:minSdkVersion="21"
8-->src/main/AndroidManifest.xml
9        android:targetSdkVersion="34" />
9-->src/main/AndroidManifest.xml
10
11    <!-- <uses-sdk -->
12    <!-- android:minSdkVersion="24" -->
13    <!-- android:targetSdkVersion="33" -->
14    <!-- tools:ignore="GradleOverrides" /> -->
15
16    <permission
16-->src/main/AndroidManifest.xml:11:5-13:47
17        android:name="com.pinpointfleet.permission.MAPS_RECEIVE"
17-->src/main/AndroidManifest.xml:12:9-65
18        android:protectionLevel="signature" />
18-->src/main/AndroidManifest.xml:13:9-44
19
20    <uses-permission android:name="com.pinpointfleet.permission.MAPS_RECEIVE" />
20-->src/main/AndroidManifest.xml:15:5-81
20-->src/main/AndroidManifest.xml:15:22-78
21    <uses-permission android:name="android.permission.INTERNET" />
21-->src/main/AndroidManifest.xml:16:5-67
21-->src/main/AndroidManifest.xml:16:22-64
22    <uses-permission android:name="android.permission.WRITE_EXTERNAL_STORAGE" />
22-->src/main/AndroidManifest.xml:17:5-81
22-->src/main/AndroidManifest.xml:17:22-78
23    <uses-permission android:name="android.permission.READ_EXTERNAL_STORAGE" />
23-->src/main/AndroidManifest.xml:18:5-80
23-->src/main/AndroidManifest.xml:18:22-77
24    <uses-permission android:name="com.google.android.providers.gsf.permission.READ_GSERVICES" />
24-->src/main/AndroidManifest.xml:19:5-98
24-->src/main/AndroidManifest.xml:19:22-95
25    <uses-permission android:name="android.permission.ACCESS_COARSE_LOCATION" />
25-->src/main/AndroidManifest.xml:20:5-81
25-->src/main/AndroidManifest.xml:20:22-78
26    <uses-permission android:name="android.permission.ACCESS_FINE_LOCATION" />
26-->src/main/AndroidManifest.xml:21:5-79
26-->src/main/AndroidManifest.xml:21:22-76
27    <uses-permission android:name="android.permission.ACCESS_NETWORK_STATE" />
27-->src/main/AndroidManifest.xml:22:5-79
27-->src/main/AndroidManifest.xml:22:22-76
28    <uses-permission android:name="android.permission.SEND_SMS" />
28-->src/main/AndroidManifest.xml:23:5-67
28-->src/main/AndroidManifest.xml:23:22-64
29    <uses-permission android:name="android.permission.READ_PHONE_STATE" />
29-->src/main/AndroidManifest.xml:24:2-72
29-->src/main/AndroidManifest.xml:24:19-69
30
31    <uses-feature
31-->src/main/AndroidManifest.xml:25:5-27:35
32        android:glEsVersion="0x00020000"
32-->src/main/AndroidManifest.xml:26:9-41
33        android:required="true" />
33-->src/main/AndroidManifest.xml:27:9-32
34
35    <queries>
35-->[com.google.android.gms:play-services-maps:18.1.0] AndroidManifest.xml:30:5-34:15
36
37        <!-- Needs to be explicitly declared on Android R+ -->
38        <package android:name="com.google.android.apps.maps" />
38-->[com.google.android.gms:play-services-maps:18.1.0] AndroidManifest.xml:33:9-64
38-->[com.google.android.gms:play-services-maps:18.1.0] AndroidManifest.xml:33:18-61
39    </queries>
40
41    <permission
41-->[androidx.core:core:1.9.0] AndroidManifest.xml:22:5-24:47
42        android:name="com.fleetanalytics.pinpointmobile.DYNAMIC_RECEIVER_NOT_EXPORTED_PERMISSION"
42-->[androidx.core:core:1.9.0] AndroidManifest.xml:23:9-81
43        android:protectionLevel="signature" />
43-->[androidx.core:core:1.9.0] AndroidManifest.xml:24:9-44
44
45    <uses-permission android:name="com.fleetanalytics.pinpointmobile.DYNAMIC_RECEIVER_NOT_EXPORTED_PERMISSION" />
45-->[androidx.core:core:1.9.0] AndroidManifest.xml:26:5-97
45-->[androidx.core:core:1.9.0] AndroidManifest.xml:26:22-94
46
47    <application
47-->src/main/AndroidManifest.xml:30:5-134:19
48        android:allowBackup="true"
48-->src/main/AndroidManifest.xml:31:9-35
49        android:appComponentFactory="androidx.core.app.CoreComponentFactory"
49-->[androidx.core:core:1.9.0] AndroidManifest.xml:28:18-86
50        android:icon="@drawable/ic_launcher"
50-->src/main/AndroidManifest.xml:32:9-45
51        android:label="@string/app_name"
51-->src/main/AndroidManifest.xml:33:9-41
52        android:theme="@style/AppTheme" >
52-->src/main/AndroidManifest.xml:34:9-40
53        <uses-library
53-->src/main/AndroidManifest.xml:35:9-88
54            android:name="org.apache.http.legacy"
54-->src/main/AndroidManifest.xml:35:23-60
55            android:required="false" />
55-->src/main/AndroidManifest.xml:35:61-85
56
57        <activity
57-->src/main/AndroidManifest.xml:37:9-51:20
58            android:name="com.pinpointfleet.LoginActivity"
58-->src/main/AndroidManifest.xml:38:13-42
59            android:exported="true"
59-->src/main/AndroidManifest.xml:45:13-36
60            android:label="@string/app_name"
60-->src/main/AndroidManifest.xml:39:13-45
61            android:networkSecurityConfig="@xml/network_security_config"
61-->src/main/AndroidManifest.xml:40:13-73
62            android:screenOrientation="portrait"
62-->src/main/AndroidManifest.xml:41:13-49
63            android:theme="@android:style/Theme.Black.NoTitleBar"
63-->src/main/AndroidManifest.xml:42:13-66
64            android:usesCleartextTraffic="true"
64-->src/main/AndroidManifest.xml:44:13-48
65            android:windowSoftInputMode="stateHidden" >
65-->src/main/AndroidManifest.xml:43:13-54
66            <intent-filter>
66-->src/main/AndroidManifest.xml:46:13-50:29
67                <action android:name="android.intent.action.MAIN" />
67-->src/main/AndroidManifest.xml:47:17-69
67-->src/main/AndroidManifest.xml:47:25-66
68
69                <category android:name="android.intent.category.LAUNCHER" />
69-->src/main/AndroidManifest.xml:49:17-77
69-->src/main/AndroidManifest.xml:49:27-74
70            </intent-filter>
71        </activity>
72        <activity
72-->src/main/AndroidManifest.xml:52:9-57:20
73            android:name="slider.SliderHomeActivity"
73-->src/main/AndroidManifest.xml:53:13-53
74            android:configChanges="orientation|screenSize"
74-->src/main/AndroidManifest.xml:54:13-59
75            android:exported="true"
75-->src/main/AndroidManifest.xml:55:13-36
76            android:label="@string/title_activity_slider_home" >
76-->src/main/AndroidManifest.xml:56:13-63
77        </activity>
78        <activity
78-->src/main/AndroidManifest.xml:58:9-62:20
79            android:name="slider.MappingFragment"
79-->src/main/AndroidManifest.xml:59:13-50
80            android:exported="true"
80-->src/main/AndroidManifest.xml:60:13-36
81            android:label="@string/title_activity_slider_home" >
81-->src/main/AndroidManifest.xml:61:13-63
82        </activity>
83
84        <!-- <activity -->
85        <!-- android:name="slider.MappingFragment" -->
86        <!-- android:label="@string/title_activity_slider_home" > -->
87        <!-- </activity> -->
88
89        <meta-data
89-->src/main/AndroidManifest.xml:69:9-71:71
90            android:name="com.google.android.maps.v2.API_KEY"
90-->src/main/AndroidManifest.xml:70:13-62
91            android:value="AIzaSyBumYojM_YGvMt5kUzeK8tOFJK-EHqLJRI" />
91-->src/main/AndroidManifest.xml:71:13-68
92        <meta-data
92-->src/main/AndroidManifest.xml:73:9-75:69
93            android:name="com.google.android.gms.version"
93-->src/main/AndroidManifest.xml:74:13-58
94            android:value="@integer/google_play_services_version" />
94-->src/main/AndroidManifest.xml:75:13-66
95
96        <activity
96-->src/main/AndroidManifest.xml:77:9-82:20
97            android:name="com.pinpointfleet.MapSettingsActivity"
97-->src/main/AndroidManifest.xml:78:13-48
98            android:exported="true"
98-->src/main/AndroidManifest.xml:80:13-36
99            android:label="@string/title_activity_map_settings"
99-->src/main/AndroidManifest.xml:79:13-64
100            android:theme="@android:style/Theme.Dialog" >
100-->src/main/AndroidManifest.xml:81:13-56
101        </activity>
102        <activity
102-->src/main/AndroidManifest.xml:83:9-88:20
103            android:name="admin.ViewVehicleDetailsActivity"
103-->src/main/AndroidManifest.xml:84:13-60
104            android:exported="true"
104-->src/main/AndroidManifest.xml:86:13-36
105            android:label="@string/title_activity_view_vehicle_details"
105-->src/main/AndroidManifest.xml:85:13-72
106            android:windowSoftInputMode="stateHidden" >
106-->src/main/AndroidManifest.xml:87:13-54
107        </activity>
108        <activity
108-->src/main/AndroidManifest.xml:89:9-94:20
109            android:name="admin.ViewUserAdminDetailsActivity"
109-->src/main/AndroidManifest.xml:90:13-62
110            android:exported="true"
110-->src/main/AndroidManifest.xml:92:13-36
111            android:label="@string/title_activity_view_user_admin_details"
111-->src/main/AndroidManifest.xml:91:13-75
112            android:windowSoftInputMode="stateHidden" >
112-->src/main/AndroidManifest.xml:93:13-54
113        </activity>
114        <activity
114-->src/main/AndroidManifest.xml:95:9-99:20
115            android:name="admin.NewUserActivity"
115-->src/main/AndroidManifest.xml:96:13-49
116            android:exported="true"
116-->src/main/AndroidManifest.xml:97:13-36
117            android:label="@string/title_activity_new_user" >
117-->src/main/AndroidManifest.xml:98:13-60
118        </activity>
119        <activity
119-->src/main/AndroidManifest.xml:100:9-104:20
120            android:name="image_picker.DirectoryPicker"
120-->src/main/AndroidManifest.xml:101:13-56
121            android:exported="true"
121-->src/main/AndroidManifest.xml:102:13-36
122            android:label="@string/title_choose_directory" >
122-->src/main/AndroidManifest.xml:103:13-59
123        </activity>
124        <activity
124-->src/main/AndroidManifest.xml:105:9-109:20
125            android:name="admin.EditGroupActivity"
125-->src/main/AndroidManifest.xml:106:13-51
126            android:exported="true"
126-->src/main/AndroidManifest.xml:107:13-36
127            android:label="@string/title_activity_edit_group" >
127-->src/main/AndroidManifest.xml:108:13-62
128        </activity>
129        <activity
129-->src/main/AndroidManifest.xml:110:9-114:20
130            android:name="admin.NewVehicleActivity"
130-->src/main/AndroidManifest.xml:111:13-52
131            android:exported="true"
131-->src/main/AndroidManifest.xml:112:13-36
132            android:label="@string/title_activity_new_vehicle" >
132-->src/main/AndroidManifest.xml:113:13-63
133        </activity>
134        <activity
134-->src/main/AndroidManifest.xml:115:9-119:20
135            android:name="admin.NewGroupActivity"
135-->src/main/AndroidManifest.xml:116:13-50
136            android:exported="true"
136-->src/main/AndroidManifest.xml:117:13-36
137            android:label="@string/title_activity_new_group" >
137-->src/main/AndroidManifest.xml:118:13-61
138        </activity>
139        <activity
139-->src/main/AndroidManifest.xml:120:9-125:20
140            android:name="roles.RolesAddActivity"
140-->src/main/AndroidManifest.xml:121:13-50
141            android:exported="true"
141-->src/main/AndroidManifest.xml:123:13-36
142            android:label="@string/title_activity_roles_add"
142-->src/main/AndroidManifest.xml:122:13-61
143            android:screenOrientation="portrait" >
143-->src/main/AndroidManifest.xml:124:13-49
144        </activity>
145        <activity
145-->src/main/AndroidManifest.xml:126:9-130:20
146            android:name="roles.EditRolesActivity"
146-->src/main/AndroidManifest.xml:127:13-51
147            android:exported="true"
147-->src/main/AndroidManifest.xml:128:13-36
148            android:label="@string/title_activity_edit_roles" >
148-->src/main/AndroidManifest.xml:129:13-62
149        </activity>
150
151        <receiver
151-->src/main/AndroidManifest.xml:132:9-133:38
152            android:name="com.pinpointfleet.broadcastReceiver"
152-->src/main/AndroidManifest.xml:132:19-52
153            android:exported="true" />
153-->src/main/AndroidManifest.xml:133:13-36
154
155        <activity
155-->[com.google.android.gms:play-services-base:18.1.0] AndroidManifest.xml:20:9-22:45
156            android:name="com.google.android.gms.common.api.GoogleApiActivity"
156-->[com.google.android.gms:play-services-base:18.1.0] AndroidManifest.xml:20:19-85
157            android:exported="false"
157-->[com.google.android.gms:play-services-base:18.1.0] AndroidManifest.xml:22:19-43
158            android:theme="@android:style/Theme.Translucent.NoTitleBar" />
158-->[com.google.android.gms:play-services-base:18.1.0] AndroidManifest.xml:21:19-78
159
160        <provider
160-->[androidx.emoji2:emoji2:1.2.0] AndroidManifest.xml:24:9-32:20
161            android:name="androidx.startup.InitializationProvider"
161-->[androidx.emoji2:emoji2:1.2.0] AndroidManifest.xml:25:13-67
162            android:authorities="com.fleetanalytics.pinpointmobile.androidx-startup"
162-->[androidx.emoji2:emoji2:1.2.0] AndroidManifest.xml:26:13-68
163            android:exported="false" >
163-->[androidx.emoji2:emoji2:1.2.0] AndroidManifest.xml:27:13-37
164            <meta-data
164-->[androidx.emoji2:emoji2:1.2.0] AndroidManifest.xml:29:13-31:52
165                android:name="androidx.emoji2.text.EmojiCompatInitializer"
165-->[androidx.emoji2:emoji2:1.2.0] AndroidManifest.xml:30:17-75
166                android:value="androidx.startup" />
166-->[androidx.emoji2:emoji2:1.2.0] AndroidManifest.xml:31:17-49
167            <meta-data
167-->[androidx.lifecycle:lifecycle-process:2.4.1] AndroidManifest.xml:31:13-33:52
168                android:name="androidx.lifecycle.ProcessLifecycleInitializer"
168-->[androidx.lifecycle:lifecycle-process:2.4.1] AndroidManifest.xml:32:17-78
169                android:value="androidx.startup" />
169-->[androidx.lifecycle:lifecycle-process:2.4.1] AndroidManifest.xml:33:17-49
170        </provider>
171    </application>
172
173</manifest>